# JRE version: Java(TM) SE Runtime Environment (8.0_191-b12) (build 1.8.0_191-b12)
# Java VM: Java HotSpot(TM) 64-Bit Server VM (25.191-b12 mixed mode windows-amd64 compressed oops)
Heap:
 PSYoungGen      total 470016K, used 90066K [0x00000000d6500000, 0x00000000f5e80000, 0x0000000100000000)
  eden space 427520K, 13% used [0x00000000d6500000,0x00000000d9e9c378,0x00000000f0680000)
  from space 42496K, 73% used [0x00000000f3500000,0x00000000f5358540,0x00000000f5e80000)
  to   space 45056K, 0% used [0x00000000f0680000,0x00000000f0680000,0x00000000f3280000)
 ParOldGen       total 127488K, used 63778K [0x0000000082e00000, 0x000000008aa80000, 0x00000000d6500000)
  object space 127488K, 50% used [0x0000000082e00000,0x0000000086c489a8,0x000000008aa80000)
 Metaspace       used 36486K, capacity 37374K, committed 37632K, reserved 1083392K
  class space    used 4239K, capacity 4492K, committed 4608K, reserved 1048576K
GC Heap History (10 events):
Event: 5.413 GC heap before
{Heap before GC invocations=10 (full 1):
 PSYoungGen      total 228864K, used 228844K [0x00000000d6500000, 0x00000000e7700000, 0x0000000100000000)
  eden space 218624K, 100% used [0x00000000d6500000,0x00000000e3a80000,0x00000000e3a80000)
  from space 10240K, 99% used [0x00000000e6d00000,0x00000000e76fb2f8,0x00000000e7700000)
  to   space 13824K, 0% used [0x00000000e5c00000,0x00000000e5c00000,0x00000000e6980000)
 ParOldGen       total 60416K, used 18525K [0x0000000082e00000, 0x0000000086900000, 0x00000000d6500000)
  object space 60416K, 30% used [0x0000000082e00000,0x0000000084017580,0x0000000086900000)
 Metaspace       used 24340K, capacity 24842K, committed 24960K, reserved 1071104K
  class space    used 2800K, capacity 2934K, committed 2944K, reserved 1048576K
Event: 5.443 GC heap after
Heap after GC invocations=10 (full 1):
 PSYoungGen      total 266752K, used 13809K [0x00000000d6500000, 0x00000000ec600000, 0x0000000100000000)
  eden space 252928K, 0% used [0x00000000d6500000,0x00000000d6500000,0x00000000e5c00000)
  from space 13824K, 99% used [0x00000000e5c00000,0x00000000e697c650,0x00000000e6980000)
  to   space 23552K, 0% used [0x00000000eaf00000,0x00000000eaf00000,0x00000000ec600000)
 ParOldGen       total 60416K, used 38351K [0x0000000082e00000, 0x0000000086900000, 0x00000000d6500000)
  object space 60416K, 63% used [0x0000000082e00000,0x0000000085373e38,0x0000000086900000)
 Metaspace       used 24340K, capacity 24842K, committed 24960K, reserved 1071104K
  class space    used 2800K, capacity 2934K, committed 2944K, reserved 1048576K
}
Event: 6.027 GC heap before
{Heap before GC invocations=11 (full 1):
 PSYoungGen      total 266752K, used 266737K [0x00000000d6500000, 0x00000000ec600000, 0x0000000100000000)
  eden space 252928K, 100% used [0x00000000d6500000,0x00000000e5c00000,0x00000000e5c00000)
  from space 13824K, 99% used [0x00000000e5c00000,0x00000000e697c650,0x00000000e6980000)
  to   space 23552K, 0% used [0x00000000eaf00000,0x00000000eaf00000,0x00000000ec600000)
 ParOldGen       total 60416K, used 38351K [0x0000000082e00000, 0x0000000086900000, 0x00000000d6500000)
  object space 60416K, 63% used [0x0000000082e00000,0x0000000085373e38,0x0000000086900000)
 Metaspace       used 24344K, capacity 24842K, committed 24960K, reserved 1071104K
  class space    used 2800K, capacity 2934K, committed 2944K, reserved 1048576K
Event: 6.061 GC heap after
Heap after GC invocations=11 (full 1):
 PSYoungGen      total 327168K, used 23549K [0x00000000d6500000, 0x00000000f1080000, 0x0000000100000000)
  eden space 303616K, 0% used [0x00000000d6500000,0x00000000d6500000,0x00000000e8d80000)
  from space 23552K, 99% used [0x00000000eaf00000,0x00000000ec5ff560,0x00000000ec600000)
  to   space 34304K, 0% used [0x00000000e8d80000,0x00000000e8d80000,0x00000000eaf00000)
 ParOldGen       total 60416K, used 57811K [0x0000000082e00000, 0x0000000086900000, 0x00000000d6500000)
  object space 60416K, 95% used [0x0000000082e00000,0x0000000086674f80,0x0000000086900000)
 Metaspace       used 24344K, capacity 24842K, committed 24960K, reserved 1071104K
  class space    used 2800K, capacity 2934K, committed 2944K, reserved 1048576K
}
Event: 6.061 GC heap before
{Heap before GC invocations=12 (full 2):
 PSYoungGen      total 327168K, used 23549K [0x00000000d6500000, 0x00000000f1080000, 0x0000000100000000)
  eden space 303616K, 0% used [0x00000000d6500000,0x00000000d6500000,0x00000000e8d80000)
  from space 23552K, 99% used [0x00000000eaf00000,0x00000000ec5ff560,0x00000000ec600000)
  to   space 34304K, 0% used [0x00000000e8d80000,0x00000000e8d80000,0x00000000eaf00000)
 ParOldGen       total 60416K, used 57811K [0x0000000082e00000, 0x0000000086900000, 0x00000000d6500000)
  object space 60416K, 95% used [0x0000000082e00000,0x0000000086674f80,0x0000000086900000)
 Metaspace       used 24344K, capacity 24842K, committed 24960K, reserved 1071104K
  class space    used 2800K, capacity 2934K, committed 2944K, reserved 1048576K
Event: 6.111 GC heap after
Heap after GC invocations=12 (full 2):
 PSYoungGen      total 327168K, used 0K [0x00000000d6500000, 0x00000000f1080000, 0x0000000100000000)
  eden space 303616K, 0% used [0x00000000d6500000,0x00000000d6500000,0x00000000e8d80000)
  from space 23552K, 0% used [0x00000000eaf00000,0x00000000eaf00000,0x00000000ec600000)
  to   space 34304K, 0% used [0x00000000e8d80000,0x00000000e8d80000,0x00000000eaf00000)
 ParOldGen       total 127488K, used 52802K [0x0000000082e00000, 0x000000008aa80000, 0x00000000d6500000)
  object space 127488K, 41% used [0x0000000082e00000,0x00000000861908a0,0x000000008aa80000)
 Metaspace       used 24344K, capacity 24842K, committed 24960K, reserved 1071104K
  class space    used 2800K, capacity 2934K, committed 2944K, reserved 1048576K
}
Event: 6.806 GC heap before
{Heap before GC invocations=13 (full 2):
 PSYoungGen      total 327168K, used 303616K [0x00000000d6500000, 0x00000000f1080000, 0x0000000100000000)
  eden space 303616K, 100% used [0x00000000d6500000,0x00000000e8d80000,0x00000000e8d80000)
  from space 23552K, 0% used [0x00000000eaf00000,0x00000000eaf00000,0x00000000ec600000)
  to   space 34304K, 0% used [0x00000000e8d80000,0x00000000e8d80000,0x00000000eaf00000)
 ParOldGen       total 127488K, used 52802K [0x0000000082e00000, 0x000000008aa80000, 0x00000000d6500000)
  object space 127488K, 41% used [0x0000000082e00000,0x00000000861908a0,0x000000008aa80000)
 Metaspace       used 24348K, capacity 24842K, committed 24960K, reserved 1071104K
  class space    used 2800K, capacity 2934K, committed 2944K, reserved 1048576K
Event: 6.847 GC heap after
Heap after GC invocations=13 (full 2):
 PSYoungGen      total 337920K, used 34279K [0x00000000d6500000, 0x00000000f5e80000, 0x0000000100000000)
  eden space 303616K, 0% used [0x00000000d6500000,0x00000000d6500000,0x00000000e8d80000)
  from space 34304K, 99% used [0x00000000e8d80000,0x00000000eaef9e90,0x00000000eaf00000)
  to   space 42496K, 0% used [0x00000000f3500000,0x00000000f3500000,0x00000000f5e80000)
 ParOldGen       total 127488K, used 60484K [0x0000000082e00000, 0x000000008aa80000, 0x00000000d6500000)
  object space 127488K, 47% used [0x0000000082e00000,0x0000000086911310,0x000000008aa80000)
 Metaspace       used 24348K, capacity 24842K, committed 24960K, reserved 1071104K
  class space    used 2800K, capacity 2934K, committed 2944K, reserved 1048576K
}
Event: 8.378 GC heap before
{Heap before GC invocations=14 (full 2):
 PSYoungGen      total 337920K, used 337895K [0x00000000d6500000, 0x00000000f5e80000, 0x0000000100000000)
  eden space 303616K, 100% used [0x00000000d6500000,0x00000000e8d80000,0x00000000e8d80000)
  from space 34304K, 99% used [0x00000000e8d80000,0x00000000eaef9e90,0x00000000eaf00000)
  to   space 42496K, 0% used [0x00000000f3500000,0x00000000f3500000,0x00000000f5e80000)
 ParOldGen       total 127488K, used 60484K [0x0000000082e00000, 0x000000008aa80000, 0x00000000d6500000)
  object space 127488K, 47% used [0x0000000082e00000,0x0000000086911310,0x000000008aa80000)
 Metaspace       used 35411K, capacity 36186K, committed 36352K, reserved 1081344K
  class space    used 4118K, capacity 4346K, committed 4352K, reserved 1048576K
Event: 8.407 GC heap after
Heap after GC invocations=14 (full 2):
 PSYoungGen      total 470016K, used 31073K [0x00000000d6500000, 0x00000000f5e80000, 0x0000000100000000)
  eden space 427520K, 0% used [0x00000000d6500000,0x00000000d6500000,0x00000000f0680000)
  from space 42496K, 73% used [0x00000000f3500000,0x00000000f5358540,0x00000000f5e80000)
  to   space 45056K, 0% used [0x00000000f0680000,0x00000000f0680000,0x00000000f3280000)
 ParOldGen       total 127488K, used 63778K [0x0000000082e00000, 0x000000008aa80000, 0x00000000d6500000)
  object space 127488K, 50% used [0x0000000082e00000,0x0000000086c489a8,0x000000008aa80000)
 Metaspace       used 35411K, capacity 36186K, committed 36352K, reserved 1081344K
  class space    used 4118K, capacity 4346K, committed 4352K, reserved 1048576K
}

